<?xml version="1.0" encoding="UTF-8"?>
<testsuite name="threesolid.TestWorker" tests="1" skipped="0" failures="0" errors="0" timestamp="2018-10-25T21:06:22" hostname="zach-inspiron" time="0.006">
  <properties/>
  <testcase name="testWorkMethod()" classname="threesolid.TestWorker" time="0.006"/>
  <system-out><![CDATA[]]></system-out>
  <system-err><![CDATA[]]></system-err>
</testsuite>
